xlpersistentdff.ngc perl_results.vhd binary_counter_virtex5_10_0_01e34ae12479a5e1.edn binary_counter_virtex5_10_0_01e34ae12479a5e1.v binary_counter_virtex5_10_0_01e34ae12479a5e1.vhd binary_counter_virtex5_10_0_01e34ae12479a5e1_c_counter_binary_v10_0_xst_1.ngc binary_counter_virtex5_10_0_092422ed79c7db12.edn binary_counter_virtex5_10_0_092422ed79c7db12.v binary_counter_virtex5_10_0_092422ed79c7db12.vhd binary_counter_virtex5_10_0_092422ed79c7db12_c_counter_binary_v10_0_xst_1.ngc binary_counter_virtex5_10_0_1c25d2b550c5fffc.edn binary_counter_virtex5_10_0_1c25d2b550c5fffc.v binary_counter_virtex5_10_0_1c25d2b550c5fffc.vhd binary_counter_virtex5_10_0_1c25d2b550c5fffc_c_counter_binary_v10_0_xst_1.ngc binary_counter_virtex5_10_0_1ee993c8ed57b9ce.edn binary_counter_virtex5_10_0_1ee993c8ed57b9ce.v binary_counter_virtex5_10_0_1ee993c8ed57b9ce.vhd binary_counter_virtex5_10_0_1ee993c8ed57b9ce_c_counter_binary_v10_0_xst_1.ngc binary_counter_virtex5_10_0_487c95d8131ef26d.edn binary_counter_virtex5_10_0_487c95d8131ef26d.v binary_counter_virtex5_10_0_487c95d8131ef26d.vhd binary_counter_virtex5_10_0_487c95d8131ef26d_c_counter_binary_v10_0_xst_1.ngc binary_counter_virtex5_10_0_722dc5ef3883365e.edn binary_counter_virtex5_10_0_722dc5ef3883365e.v binary_counter_virtex5_10_0_722dc5ef3883365e.vhd binary_counter_virtex5_10_0_722dc5ef3883365e_c_counter_binary_v10_0_xst_1.ngc binary_counter_virtex5_10_0_76ea00975735b561.edn binary_counter_virtex5_10_0_76ea00975735b561.v binary_counter_virtex5_10_0_76ea00975735b561.vhd binary_counter_virtex5_10_0_76ea00975735b561_c_counter_binary_v10_0_xst_1.ngc binary_counter_virtex5_10_0_833a35886d0c544c.edn binary_counter_virtex5_10_0_833a35886d0c544c.v binary_counter_virtex5_10_0_833a35886d0c544c.vhd binary_counter_virtex5_10_0_833a35886d0c544c_c_counter_binary_v10_0_xst_1.ngc binary_counter_virtex5_10_0_924a7f7132ea4004.edn binary_counter_virtex5_10_0_924a7f7132ea4004.v binary_counter_virtex5_10_0_924a7f7132ea4004.vhd binary_counter_virtex5_10_0_924a7f7132ea4004_c_counter_binary_v10_0_xst_1.ngc binary_counter_virtex5_10_0_ad5bcb1136ed8cf6.edn binary_counter_virtex5_10_0_ad5bcb1136ed8cf6.v binary_counter_virtex5_10_0_ad5bcb1136ed8cf6.vhd binary_counter_virtex5_10_0_ad5bcb1136ed8cf6_c_counter_binary_v10_0_xst_1.ngc binary_counter_virtex5_10_0_ed17144209261f47.edn binary_counter_virtex5_10_0_ed17144209261f47.v binary_counter_virtex5_10_0_ed17144209261f47.vhd binary_counter_virtex5_10_0_ed17144209261f47_c_counter_binary_v10_0_xst_1.ngc binary_counter_virtex5_10_0_f8c7b661c01eeb1d.edn binary_counter_virtex5_10_0_f8c7b661c01eeb1d.v binary_counter_virtex5_10_0_f8c7b661c01eeb1d.vhd binary_counter_virtex5_10_0_f8c7b661c01eeb1d_c_counter_binary_v10_0_xst_1.ngc binary_counter_virtex5_10_0_fe346e03af2452eb.edn binary_counter_virtex5_10_0_fe346e03af2452eb.v binary_counter_virtex5_10_0_fe346e03af2452eb.vhd binary_counter_virtex5_10_0_fe346e03af2452eb_c_counter_binary_v10_0_xst_1.ngc bmg_24_vx5_17f5cef47a567d97.mif bmg_24_vx5_17f5cef47a567d97.ngc bmg_24_vx5_17f5cef47a567d97.v bmg_24_vx5_17f5cef47a567d97.vhd bmg_24_vx5_22468d6827fd0e85.mif bmg_24_vx5_22468d6827fd0e85.ngc bmg_24_vx5_22468d6827fd0e85.v bmg_24_vx5_22468d6827fd0e85.vhd bmg_24_vx5_2c49e6ef11a51d10.mif bmg_24_vx5_2c49e6ef11a51d10.ngc bmg_24_vx5_2c49e6ef11a51d10.v bmg_24_vx5_2c49e6ef11a51d10.vhd bmg_24_vx5_2c89c45c28fef7b6.mif bmg_24_vx5_2c89c45c28fef7b6.ngc bmg_24_vx5_2c89c45c28fef7b6.v bmg_24_vx5_2c89c45c28fef7b6.vhd bmg_24_vx5_462f2ec6a7a3f012.mif bmg_24_vx5_462f2ec6a7a3f012.ngc bmg_24_vx5_462f2ec6a7a3f012.v bmg_24_vx5_462f2ec6a7a3f012.vhd bmg_24_vx5_685a21f0e7f36bff.mif bmg_24_vx5_685a21f0e7f36bff.ngc bmg_24_vx5_685a21f0e7f36bff.v bmg_24_vx5_685a21f0e7f36bff.vhd bmg_24_vx5_6f3d016421754f60.mif bmg_24_vx5_6f3d016421754f60.ngc bmg_24_vx5_6f3d016421754f60.v bmg_24_vx5_6f3d016421754f60.vhd bmg_24_vx5_6fb941694e0a834d.mif bmg_24_vx5_6fb941694e0a834d.ngc bmg_24_vx5_6fb941694e0a834d.v bmg_24_vx5_6fb941694e0a834d.vhd bmg_24_vx5_7bc1e03f2e4955ca.mif bmg_24_vx5_7bc1e03f2e4955ca.ngc bmg_24_vx5_7bc1e03f2e4955ca.v bmg_24_vx5_7bc1e03f2e4955ca.vhd bmg_24_vx5_8259598782c619da.mif bmg_24_vx5_8259598782c619da.ngc bmg_24_vx5_8259598782c619da.v bmg_24_vx5_8259598782c619da.vhd bmg_24_vx5_8710d0c563708d0d.mif bmg_24_vx5_8710d0c563708d0d.ngc bmg_24_vx5_8710d0c563708d0d.v bmg_24_vx5_8710d0c563708d0d.vhd bmg_24_vx5_916edb207080a9d0.mif bmg_24_vx5_916edb207080a9d0.ngc bmg_24_vx5_916edb207080a9d0.v bmg_24_vx5_916edb207080a9d0.vhd bmg_24_vx5_9d8577c93c4baa0d.mif bmg_24_vx5_9d8577c93c4baa0d.ngc bmg_24_vx5_9d8577c93c4baa0d.v bmg_24_vx5_9d8577c93c4baa0d.vhd bmg_24_vx5_9fbc240f5763bb94.mif bmg_24_vx5_9fbc240f5763bb94.ngc bmg_24_vx5_9fbc240f5763bb94.v bmg_24_vx5_9fbc240f5763bb94.vhd bmg_24_vx5_c5c136a08dd56dbc.mif bmg_24_vx5_c5c136a08dd56dbc.ngc bmg_24_vx5_c5c136a08dd56dbc.v bmg_24_vx5_c5c136a08dd56dbc.vhd bmg_24_vx5_cee1e5321fc14302.mif bmg_24_vx5_cee1e5321fc14302.ngc bmg_24_vx5_cee1e5321fc14302.v bmg_24_vx5_cee1e5321fc14302.vhd bmg_24_vx5_e356d8b9149f54d5.mif bmg_24_vx5_e356d8b9149f54d5.ngc bmg_24_vx5_e356d8b9149f54d5.v bmg_24_vx5_e356d8b9149f54d5.vhd bmg_24_vx5_e8ed5e8ae23b2f64.mif bmg_24_vx5_e8ed5e8ae23b2f64.ngc bmg_24_vx5_e8ed5e8ae23b2f64.v bmg_24_vx5_e8ed5e8ae23b2f64.vhd dmg_33_vx5_27954da46fb8f5d8.edn dmg_33_vx5_27954da46fb8f5d8.mif dmg_33_vx5_27954da46fb8f5d8.v dmg_33_vx5_27954da46fb8f5d8.vhd dmg_33_vx5_27954da46fb8f5d8_dist_mem_gen_v3_3_xst_1.ngc dmg_33_vx5_3b5827b9b9c34c2c.edn dmg_33_vx5_3b5827b9b9c34c2c.mif dmg_33_vx5_3b5827b9b9c34c2c.v dmg_33_vx5_3b5827b9b9c34c2c.vhd dmg_33_vx5_3b5827b9b9c34c2c_dist_mem_gen_v3_3_xst_1.ngc dmg_33_vx5_47bf930170fd8e60.edn dmg_33_vx5_47bf930170fd8e60.mif dmg_33_vx5_47bf930170fd8e60.v dmg_33_vx5_47bf930170fd8e60.vhd dmg_33_vx5_47bf930170fd8e60_dist_mem_gen_v3_3_xst_1.ngc dmg_33_vx5_6ab87bec3a8932d3.edn dmg_33_vx5_6ab87bec3a8932d3.mif dmg_33_vx5_6ab87bec3a8932d3.v dmg_33_vx5_6ab87bec3a8932d3.vhd dmg_33_vx5_6ab87bec3a8932d3_dist_mem_gen_v3_3_xst_1.ngc dmg_33_vx5_af86f8a7a0de7d76.edn dmg_33_vx5_af86f8a7a0de7d76.mif dmg_33_vx5_af86f8a7a0de7d76.v dmg_33_vx5_af86f8a7a0de7d76.vhd dmg_33_vx5_af86f8a7a0de7d76_dist_mem_gen_v3_3_xst_1.ngc dmg_33_vx5_efe4f2e28a6a56b5.edn dmg_33_vx5_efe4f2e28a6a56b5.mif dmg_33_vx5_efe4f2e28a6a56b5.v dmg_33_vx5_efe4f2e28a6a56b5.vhd dmg_33_vx5_efe4f2e28a6a56b5_dist_mem_gen_v3_3_xst_1.ngc multiplier_virtex5_10_1_0222debb9055fdfb.edn multiplier_virtex5_10_1_0222debb9055fdfb.v multiplier_virtex5_10_1_0222debb9055fdfb.vhd multiplier_virtex5_10_1_0222debb9055fdfb_mult_gen_v10_1_xst_1.ngc multiplier_virtex5_10_1_1900b0ff8c195f36.edn multiplier_virtex5_10_1_1900b0ff8c195f36.v multiplier_virtex5_10_1_1900b0ff8c195f36.vhd multiplier_virtex5_10_1_1900b0ff8c195f36_mult_gen_v10_1_xst_1.ngc multiplier_virtex5_10_1_1d18c2bc7f1da736.edn multiplier_virtex5_10_1_1d18c2bc7f1da736.v multiplier_virtex5_10_1_1d18c2bc7f1da736.vhd multiplier_virtex5_10_1_1d18c2bc7f1da736_mult_gen_v10_1_xst_1.ngc multiplier_virtex5_10_1_35568d5aa6a70475.edn multiplier_virtex5_10_1_35568d5aa6a70475.v multiplier_virtex5_10_1_35568d5aa6a70475.vhd multiplier_virtex5_10_1_35568d5aa6a70475_mult_gen_v10_1_xst_1.ngc multiplier_virtex5_10_1_541e977e441ad0e7.edn multiplier_virtex5_10_1_541e977e441ad0e7.v multiplier_virtex5_10_1_541e977e441ad0e7.vhd multiplier_virtex5_10_1_541e977e441ad0e7_mult_gen_v10_1_xst_1.ngc multiplier_virtex5_10_1_8241330e8139a185.edn multiplier_virtex5_10_1_8241330e8139a185.v multiplier_virtex5_10_1_8241330e8139a185.vhd multiplier_virtex5_10_1_8241330e8139a185_mult_gen_v10_1_xst_1.ngc multiplier_virtex5_10_1_845caa9bc89072e0.edn multiplier_virtex5_10_1_845caa9bc89072e0.v multiplier_virtex5_10_1_845caa9bc89072e0.vhd multiplier_virtex5_10_1_845caa9bc89072e0_mult_gen_v10_1_xst_1.ngc multiplier_virtex5_10_1_b0c844385805a270.edn multiplier_virtex5_10_1_b0c844385805a270.v multiplier_virtex5_10_1_b0c844385805a270.vhd multiplier_virtex5_10_1_b0c844385805a270_mult_gen_v10_1_xst_1.ngc multiplier_virtex5_10_1_c90585d1a7e9d3a6.edn multiplier_virtex5_10_1_c90585d1a7e9d3a6.v multiplier_virtex5_10_1_c90585d1a7e9d3a6.vhd multiplier_virtex5_10_1_c90585d1a7e9d3a6_mult_gen_v10_1_xst_1.ngc multiplier_virtex5_10_1_db7cd8a2c586bcee.edn multiplier_virtex5_10_1_db7cd8a2c586bcee.v multiplier_virtex5_10_1_db7cd8a2c586bcee.vhd multiplier_virtex5_10_1_db7cd8a2c586bcee_mult_gen_v10_1_xst_1.ngc nonleaf_results.vhd synopsis
opened file r4_5g_specd5.vhd
copied binary_counter_virtex5_10_0_01e34ae12479a5e1.vhd
copied binary_counter_virtex5_10_0_092422ed79c7db12.vhd
copied binary_counter_virtex5_10_0_1c25d2b550c5fffc.vhd
copied binary_counter_virtex5_10_0_1ee993c8ed57b9ce.vhd
copied binary_counter_virtex5_10_0_487c95d8131ef26d.vhd
copied binary_counter_virtex5_10_0_722dc5ef3883365e.vhd
copied binary_counter_virtex5_10_0_76ea00975735b561.vhd
copied binary_counter_virtex5_10_0_833a35886d0c544c.vhd
copied binary_counter_virtex5_10_0_924a7f7132ea4004.vhd
copied binary_counter_virtex5_10_0_ad5bcb1136ed8cf6.vhd
copied binary_counter_virtex5_10_0_ed17144209261f47.vhd
copied binary_counter_virtex5_10_0_f8c7b661c01eeb1d.vhd
copied binary_counter_virtex5_10_0_fe346e03af2452eb.vhd
copied bmg_24_vx5_17f5cef47a567d97.vhd
copied bmg_24_vx5_22468d6827fd0e85.vhd
copied bmg_24_vx5_2c49e6ef11a51d10.vhd
copied bmg_24_vx5_2c89c45c28fef7b6.vhd
copied bmg_24_vx5_462f2ec6a7a3f012.vhd
copied bmg_24_vx5_685a21f0e7f36bff.vhd
copied bmg_24_vx5_6f3d016421754f60.vhd
copied bmg_24_vx5_6fb941694e0a834d.vhd
copied bmg_24_vx5_7bc1e03f2e4955ca.vhd
copied bmg_24_vx5_8259598782c619da.vhd
copied bmg_24_vx5_8710d0c563708d0d.vhd
copied bmg_24_vx5_916edb207080a9d0.vhd
copied bmg_24_vx5_9d8577c93c4baa0d.vhd
copied bmg_24_vx5_9fbc240f5763bb94.vhd
copied bmg_24_vx5_c5c136a08dd56dbc.vhd
copied bmg_24_vx5_cee1e5321fc14302.vhd
copied bmg_24_vx5_e356d8b9149f54d5.vhd
copied bmg_24_vx5_e8ed5e8ae23b2f64.vhd
copied dmg_33_vx5_27954da46fb8f5d8.vhd
copied dmg_33_vx5_3b5827b9b9c34c2c.vhd
copied dmg_33_vx5_47bf930170fd8e60.vhd
copied dmg_33_vx5_6ab87bec3a8932d3.vhd
copied dmg_33_vx5_af86f8a7a0de7d76.vhd
copied dmg_33_vx5_efe4f2e28a6a56b5.vhd
copied multiplier_virtex5_10_1_0222debb9055fdfb.vhd
copied multiplier_virtex5_10_1_1900b0ff8c195f36.vhd
copied multiplier_virtex5_10_1_1d18c2bc7f1da736.vhd
copied multiplier_virtex5_10_1_35568d5aa6a70475.vhd
copied multiplier_virtex5_10_1_541e977e441ad0e7.vhd
copied multiplier_virtex5_10_1_8241330e8139a185.vhd
copied multiplier_virtex5_10_1_845caa9bc89072e0.vhd
copied multiplier_virtex5_10_1_b0c844385805a270.vhd
copied multiplier_virtex5_10_1_c90585d1a7e9d3a6.vhd
copied multiplier_virtex5_10_1_db7cd8a2c586bcee.vhd
copied perl_results.vhd
copied nonleaf_results.vhd
