xlpersistentdff.ngc perl_results.vhd adder_subtracter_virtex2p_7_0_9301e8703140ec16.edn adder_subtracter_virtex2p_7_0_9301e8703140ec16.v adder_subtracter_virtex2p_7_0_9301e8703140ec16.vhd adder_subtracter_virtex2p_7_0_c5dcd9e7347382cf.edn adder_subtracter_virtex2p_7_0_c5dcd9e7347382cf.v adder_subtracter_virtex2p_7_0_c5dcd9e7347382cf.vhd binary_counter_virtex2p_7_0_0260fba4aec82188.edn binary_counter_virtex2p_7_0_0260fba4aec82188.v binary_counter_virtex2p_7_0_0260fba4aec82188.vhd binary_counter_virtex2p_7_0_045f95c1d8e99a77.edn binary_counter_virtex2p_7_0_045f95c1d8e99a77.v binary_counter_virtex2p_7_0_045f95c1d8e99a77.vhd binary_counter_virtex2p_7_0_1fa1686255cc3bb6.edn binary_counter_virtex2p_7_0_1fa1686255cc3bb6.v binary_counter_virtex2p_7_0_1fa1686255cc3bb6.vhd binary_counter_virtex2p_7_0_2b3d5de203345a84.edn binary_counter_virtex2p_7_0_2b3d5de203345a84.v binary_counter_virtex2p_7_0_2b3d5de203345a84.vhd binary_counter_virtex2p_7_0_2ccd4f2322b1fa6a.edn binary_counter_virtex2p_7_0_2ccd4f2322b1fa6a.v binary_counter_virtex2p_7_0_2ccd4f2322b1fa6a.vhd binary_counter_virtex2p_7_0_2d20805488fc03df.edn binary_counter_virtex2p_7_0_2d20805488fc03df.v binary_counter_virtex2p_7_0_2d20805488fc03df.vhd binary_counter_virtex2p_7_0_3241d5218ebd61cd.edn binary_counter_virtex2p_7_0_3241d5218ebd61cd.v binary_counter_virtex2p_7_0_3241d5218ebd61cd.vhd binary_counter_virtex2p_7_0_341763362dbc45a2.edn binary_counter_virtex2p_7_0_341763362dbc45a2.v binary_counter_virtex2p_7_0_341763362dbc45a2.vhd binary_counter_virtex2p_7_0_391d8b1c1f812d67.edn binary_counter_virtex2p_7_0_391d8b1c1f812d67.v binary_counter_virtex2p_7_0_391d8b1c1f812d67.vhd binary_counter_virtex2p_7_0_52d6d6d99674748f.edn binary_counter_virtex2p_7_0_52d6d6d99674748f.v binary_counter_virtex2p_7_0_52d6d6d99674748f.vhd binary_counter_virtex2p_7_0_5a07f4bba2e9cb5e.edn binary_counter_virtex2p_7_0_5a07f4bba2e9cb5e.v binary_counter_virtex2p_7_0_5a07f4bba2e9cb5e.vhd binary_counter_virtex2p_7_0_658945f0a80d459a.edn binary_counter_virtex2p_7_0_658945f0a80d459a.v binary_counter_virtex2p_7_0_658945f0a80d459a.vhd binary_counter_virtex2p_7_0_715f1205a46a625c.edn binary_counter_virtex2p_7_0_715f1205a46a625c.v binary_counter_virtex2p_7_0_715f1205a46a625c.vhd binary_counter_virtex2p_7_0_7211a68acc7f4ff7.edn binary_counter_virtex2p_7_0_7211a68acc7f4ff7.v binary_counter_virtex2p_7_0_7211a68acc7f4ff7.vhd binary_counter_virtex2p_7_0_78a3dd824f4df0df.edn binary_counter_virtex2p_7_0_78a3dd824f4df0df.v binary_counter_virtex2p_7_0_78a3dd824f4df0df.vhd binary_counter_virtex2p_7_0_7a138cef7a7cb135.edn binary_counter_virtex2p_7_0_7a138cef7a7cb135.v binary_counter_virtex2p_7_0_7a138cef7a7cb135.vhd binary_counter_virtex2p_7_0_7c2d447100ca50c7.edn binary_counter_virtex2p_7_0_7c2d447100ca50c7.v binary_counter_virtex2p_7_0_7c2d447100ca50c7.vhd binary_counter_virtex2p_7_0_7cce54a04f39ecd8.edn binary_counter_virtex2p_7_0_7cce54a04f39ecd8.v binary_counter_virtex2p_7_0_7cce54a04f39ecd8.vhd binary_counter_virtex2p_7_0_804522374d9edc41.edn binary_counter_virtex2p_7_0_804522374d9edc41.v binary_counter_virtex2p_7_0_804522374d9edc41.vhd binary_counter_virtex2p_7_0_805fe5e395e47402.edn binary_counter_virtex2p_7_0_805fe5e395e47402.v binary_counter_virtex2p_7_0_805fe5e395e47402.vhd binary_counter_virtex2p_7_0_880f7c3a3529b3b1.edn binary_counter_virtex2p_7_0_880f7c3a3529b3b1.v binary_counter_virtex2p_7_0_880f7c3a3529b3b1.vhd binary_counter_virtex2p_7_0_8b4ef4e135e1e3f1.edn binary_counter_virtex2p_7_0_8b4ef4e135e1e3f1.v binary_counter_virtex2p_7_0_8b4ef4e135e1e3f1.vhd binary_counter_virtex2p_7_0_9539f41705559a71.edn binary_counter_virtex2p_7_0_9539f41705559a71.v binary_counter_virtex2p_7_0_9539f41705559a71.vhd binary_counter_virtex2p_7_0_9673efc18b69cc19.edn binary_counter_virtex2p_7_0_9673efc18b69cc19.v binary_counter_virtex2p_7_0_9673efc18b69cc19.vhd binary_counter_virtex2p_7_0_a071675f8d8d72bb.edn binary_counter_virtex2p_7_0_a071675f8d8d72bb.v binary_counter_virtex2p_7_0_a071675f8d8d72bb.vhd binary_counter_virtex2p_7_0_b8a3efcc9651e5d3.edn binary_counter_virtex2p_7_0_b8a3efcc9651e5d3.v binary_counter_virtex2p_7_0_b8a3efcc9651e5d3.vhd binary_counter_virtex2p_7_0_b8a5551b3c16b99b.edn binary_counter_virtex2p_7_0_b8a5551b3c16b99b.v binary_counter_virtex2p_7_0_b8a5551b3c16b99b.vhd binary_counter_virtex2p_7_0_d0a204b7c881b521.edn binary_counter_virtex2p_7_0_d0a204b7c881b521.v binary_counter_virtex2p_7_0_d0a204b7c881b521.vhd binary_counter_virtex2p_7_0_d7f3c31b59e52df2.edn binary_counter_virtex2p_7_0_d7f3c31b59e52df2.v binary_counter_virtex2p_7_0_d7f3c31b59e52df2.vhd binary_counter_virtex2p_7_0_d8ae89720b5de7f6.edn binary_counter_virtex2p_7_0_d8ae89720b5de7f6.v binary_counter_virtex2p_7_0_d8ae89720b5de7f6.vhd binary_counter_virtex2p_7_0_da21d47bce83ad78.edn binary_counter_virtex2p_7_0_da21d47bce83ad78.v binary_counter_virtex2p_7_0_da21d47bce83ad78.vhd binary_counter_virtex2p_7_0_dd549111ea74373d.edn binary_counter_virtex2p_7_0_dd549111ea74373d.v binary_counter_virtex2p_7_0_dd549111ea74373d.vhd binary_counter_virtex2p_7_0_e80093aea990e7ea.edn binary_counter_virtex2p_7_0_e80093aea990e7ea.v binary_counter_virtex2p_7_0_e80093aea990e7ea.vhd binary_counter_virtex2p_7_0_f458cc5f96972819.edn binary_counter_virtex2p_7_0_f458cc5f96972819.v binary_counter_virtex2p_7_0_f458cc5f96972819.vhd binary_counter_virtex2p_7_0_fdd1a28438047006.edn binary_counter_virtex2p_7_0_fdd1a28438047006.v binary_counter_virtex2p_7_0_fdd1a28438047006.vhd distributed_memory_virtex2p_7_1_17126bf86411dabf.edn distributed_memory_virtex2p_7_1_17126bf86411dabf.mif distributed_memory_virtex2p_7_1_17126bf86411dabf.v distributed_memory_virtex2p_7_1_17126bf86411dabf.vhd distributed_memory_virtex2p_7_1_24095e62b7dd5149.edn distributed_memory_virtex2p_7_1_24095e62b7dd5149.mif distributed_memory_virtex2p_7_1_24095e62b7dd5149.v distributed_memory_virtex2p_7_1_24095e62b7dd5149.vhd distributed_memory_virtex2p_7_1_47fa87c2abb2be3c.edn distributed_memory_virtex2p_7_1_47fa87c2abb2be3c.mif distributed_memory_virtex2p_7_1_47fa87c2abb2be3c.v distributed_memory_virtex2p_7_1_47fa87c2abb2be3c.vhd distributed_memory_virtex2p_7_1_4be7d839ed9b4fda.edn distributed_memory_virtex2p_7_1_4be7d839ed9b4fda.mif distributed_memory_virtex2p_7_1_4be7d839ed9b4fda.v distributed_memory_virtex2p_7_1_4be7d839ed9b4fda.vhd distributed_memory_virtex2p_7_1_ff1763ab93720ffc.edn distributed_memory_virtex2p_7_1_ff1763ab93720ffc.mif distributed_memory_virtex2p_7_1_ff1763ab93720ffc.v distributed_memory_virtex2p_7_1_ff1763ab93720ffc.vhd dual_port_block_memory_virtex2p_6_1_645b5e379b337a9f.edn dual_port_block_memory_virtex2p_6_1_645b5e379b337a9f.mif dual_port_block_memory_virtex2p_6_1_645b5e379b337a9f.v dual_port_block_memory_virtex2p_6_1_645b5e379b337a9f.vhd multiplier_virtex2p_10_1_26e459ad9aa810bd.edn multiplier_virtex2p_10_1_26e459ad9aa810bd.v multiplier_virtex2p_10_1_26e459ad9aa810bd.vhd multiplier_virtex2p_10_1_26e459ad9aa810bd_mult_gen_v10_1_xst_1.ngc multiplier_virtex2p_10_1_3ccc2842ec4e2cc9.edn multiplier_virtex2p_10_1_3ccc2842ec4e2cc9.v multiplier_virtex2p_10_1_3ccc2842ec4e2cc9.vhd multiplier_virtex2p_10_1_3ccc2842ec4e2cc9_mult_gen_v10_1_xst_1.ngc multiplier_virtex2p_10_1_423ddb9f1e4b69b4.edn multiplier_virtex2p_10_1_423ddb9f1e4b69b4.v multiplier_virtex2p_10_1_423ddb9f1e4b69b4.vhd multiplier_virtex2p_10_1_423ddb9f1e4b69b4_mult_gen_v10_1_xst_1.ngc multiplier_virtex2p_10_1_9f8f470cd40e41c7.edn multiplier_virtex2p_10_1_9f8f470cd40e41c7.v multiplier_virtex2p_10_1_9f8f470cd40e41c7.vhd multiplier_virtex2p_10_1_9f8f470cd40e41c7_mult_gen_v10_1_xst_1.ngc single_port_block_memory_virtex2p_6_1_05a95f2267c44dc1.edn single_port_block_memory_virtex2p_6_1_05a95f2267c44dc1.mif single_port_block_memory_virtex2p_6_1_05a95f2267c44dc1.v single_port_block_memory_virtex2p_6_1_05a95f2267c44dc1.vhd single_port_block_memory_virtex2p_6_1_189ab7d9865256c9.edn single_port_block_memory_virtex2p_6_1_189ab7d9865256c9.mif single_port_block_memory_virtex2p_6_1_189ab7d9865256c9.v single_port_block_memory_virtex2p_6_1_189ab7d9865256c9.vhd single_port_block_memory_virtex2p_6_1_23fb8628204eb2c1.edn single_port_block_memory_virtex2p_6_1_23fb8628204eb2c1.mif single_port_block_memory_virtex2p_6_1_23fb8628204eb2c1.v single_port_block_memory_virtex2p_6_1_23fb8628204eb2c1.vhd single_port_block_memory_virtex2p_6_1_287130c77eef8a13.edn single_port_block_memory_virtex2p_6_1_287130c77eef8a13.mif single_port_block_memory_virtex2p_6_1_287130c77eef8a13.v single_port_block_memory_virtex2p_6_1_287130c77eef8a13.vhd single_port_block_memory_virtex2p_6_1_38d4305037783d2c.edn single_port_block_memory_virtex2p_6_1_38d4305037783d2c.mif single_port_block_memory_virtex2p_6_1_38d4305037783d2c.v single_port_block_memory_virtex2p_6_1_38d4305037783d2c.vhd single_port_block_memory_virtex2p_6_1_3f3ce445ea788123.edn single_port_block_memory_virtex2p_6_1_3f3ce445ea788123.mif single_port_block_memory_virtex2p_6_1_3f3ce445ea788123.v single_port_block_memory_virtex2p_6_1_3f3ce445ea788123.vhd single_port_block_memory_virtex2p_6_1_42a5b8ca1bc39b96.edn single_port_block_memory_virtex2p_6_1_42a5b8ca1bc39b96.mif single_port_block_memory_virtex2p_6_1_42a5b8ca1bc39b96.v single_port_block_memory_virtex2p_6_1_42a5b8ca1bc39b96.vhd single_port_block_memory_virtex2p_6_1_578f4a8fb59b1f38.edn single_port_block_memory_virtex2p_6_1_578f4a8fb59b1f38.mif single_port_block_memory_virtex2p_6_1_578f4a8fb59b1f38.v single_port_block_memory_virtex2p_6_1_578f4a8fb59b1f38.vhd single_port_block_memory_virtex2p_6_1_5d43f95b93fd9344.edn single_port_block_memory_virtex2p_6_1_5d43f95b93fd9344.mif single_port_block_memory_virtex2p_6_1_5d43f95b93fd9344.v single_port_block_memory_virtex2p_6_1_5d43f95b93fd9344.vhd single_port_block_memory_virtex2p_6_1_6394d46b7454c18a.edn single_port_block_memory_virtex2p_6_1_6394d46b7454c18a.mif single_port_block_memory_virtex2p_6_1_6394d46b7454c18a.v single_port_block_memory_virtex2p_6_1_6394d46b7454c18a.vhd single_port_block_memory_virtex2p_6_1_64284d314c575990.edn single_port_block_memory_virtex2p_6_1_64284d314c575990.mif single_port_block_memory_virtex2p_6_1_64284d314c575990.v single_port_block_memory_virtex2p_6_1_64284d314c575990.vhd single_port_block_memory_virtex2p_6_1_7068db77349ce284.edn single_port_block_memory_virtex2p_6_1_7068db77349ce284.mif single_port_block_memory_virtex2p_6_1_7068db77349ce284.v single_port_block_memory_virtex2p_6_1_7068db77349ce284.vhd single_port_block_memory_virtex2p_6_1_76f23c1003bb9b77.edn single_port_block_memory_virtex2p_6_1_76f23c1003bb9b77.mif single_port_block_memory_virtex2p_6_1_76f23c1003bb9b77.v single_port_block_memory_virtex2p_6_1_76f23c1003bb9b77.vhd single_port_block_memory_virtex2p_6_1_7c11f4ba4337f78b.edn single_port_block_memory_virtex2p_6_1_7c11f4ba4337f78b.mif single_port_block_memory_virtex2p_6_1_7c11f4ba4337f78b.v single_port_block_memory_virtex2p_6_1_7c11f4ba4337f78b.vhd single_port_block_memory_virtex2p_6_1_7e236f8fce9276a5.edn single_port_block_memory_virtex2p_6_1_7e236f8fce9276a5.mif single_port_block_memory_virtex2p_6_1_7e236f8fce9276a5.v single_port_block_memory_virtex2p_6_1_7e236f8fce9276a5.vhd single_port_block_memory_virtex2p_6_1_7ea60367d40e0967.edn single_port_block_memory_virtex2p_6_1_7ea60367d40e0967.mif single_port_block_memory_virtex2p_6_1_7ea60367d40e0967.v single_port_block_memory_virtex2p_6_1_7ea60367d40e0967.vhd single_port_block_memory_virtex2p_6_1_7ff232eaea8dc2aa.edn single_port_block_memory_virtex2p_6_1_7ff232eaea8dc2aa.mif single_port_block_memory_virtex2p_6_1_7ff232eaea8dc2aa.v single_port_block_memory_virtex2p_6_1_7ff232eaea8dc2aa.vhd single_port_block_memory_virtex2p_6_1_8d0734a7cdba160c.edn single_port_block_memory_virtex2p_6_1_8d0734a7cdba160c.mif single_port_block_memory_virtex2p_6_1_8d0734a7cdba160c.v single_port_block_memory_virtex2p_6_1_8d0734a7cdba160c.vhd single_port_block_memory_virtex2p_6_1_8f872a02ff02aadb.edn single_port_block_memory_virtex2p_6_1_8f872a02ff02aadb.mif single_port_block_memory_virtex2p_6_1_8f872a02ff02aadb.v single_port_block_memory_virtex2p_6_1_8f872a02ff02aadb.vhd single_port_block_memory_virtex2p_6_1_9cf8efebee3199f6.edn single_port_block_memory_virtex2p_6_1_9cf8efebee3199f6.mif single_port_block_memory_virtex2p_6_1_9cf8efebee3199f6.v single_port_block_memory_virtex2p_6_1_9cf8efebee3199f6.vhd single_port_block_memory_virtex2p_6_1_a0f8113050ab47e7.edn single_port_block_memory_virtex2p_6_1_a0f8113050ab47e7.mif single_port_block_memory_virtex2p_6_1_a0f8113050ab47e7.v single_port_block_memory_virtex2p_6_1_a0f8113050ab47e7.vhd single_port_block_memory_virtex2p_6_1_a255629948a6346d.edn single_port_block_memory_virtex2p_6_1_a255629948a6346d.mif single_port_block_memory_virtex2p_6_1_a255629948a6346d.v single_port_block_memory_virtex2p_6_1_a255629948a6346d.vhd single_port_block_memory_virtex2p_6_1_b70993b7b8d8be43.edn single_port_block_memory_virtex2p_6_1_b70993b7b8d8be43.mif single_port_block_memory_virtex2p_6_1_b70993b7b8d8be43.v single_port_block_memory_virtex2p_6_1_b70993b7b8d8be43.vhd single_port_block_memory_virtex2p_6_1_baae78c6cf62a88f.edn single_port_block_memory_virtex2p_6_1_baae78c6cf62a88f.mif single_port_block_memory_virtex2p_6_1_baae78c6cf62a88f.v single_port_block_memory_virtex2p_6_1_baae78c6cf62a88f.vhd single_port_block_memory_virtex2p_6_1_c4da1499b2390313.edn single_port_block_memory_virtex2p_6_1_c4da1499b2390313.mif single_port_block_memory_virtex2p_6_1_c4da1499b2390313.v single_port_block_memory_virtex2p_6_1_c4da1499b2390313.vhd single_port_block_memory_virtex2p_6_1_d13072650a2ab55b.edn single_port_block_memory_virtex2p_6_1_d13072650a2ab55b.mif single_port_block_memory_virtex2p_6_1_d13072650a2ab55b.v single_port_block_memory_virtex2p_6_1_d13072650a2ab55b.vhd single_port_block_memory_virtex2p_6_1_d8668151357aa642.edn single_port_block_memory_virtex2p_6_1_d8668151357aa642.mif single_port_block_memory_virtex2p_6_1_d8668151357aa642.v single_port_block_memory_virtex2p_6_1_d8668151357aa642.vhd single_port_block_memory_virtex2p_6_1_e603086fb92aeb5e.edn single_port_block_memory_virtex2p_6_1_e603086fb92aeb5e.mif single_port_block_memory_virtex2p_6_1_e603086fb92aeb5e.v single_port_block_memory_virtex2p_6_1_e603086fb92aeb5e.vhd single_port_block_memory_virtex2p_6_1_ee12ce34adfa5ec2.edn single_port_block_memory_virtex2p_6_1_ee12ce34adfa5ec2.mif single_port_block_memory_virtex2p_6_1_ee12ce34adfa5ec2.v single_port_block_memory_virtex2p_6_1_ee12ce34adfa5ec2.vhd single_port_block_memory_virtex2p_6_1_f239e1ef1af0e201.edn single_port_block_memory_virtex2p_6_1_f239e1ef1af0e201.mif single_port_block_memory_virtex2p_6_1_f239e1ef1af0e201.v single_port_block_memory_virtex2p_6_1_f239e1ef1af0e201.vhd single_port_block_memory_virtex2p_6_1_f9f47a6cb9d2aa15.edn single_port_block_memory_virtex2p_6_1_f9f47a6cb9d2aa15.mif single_port_block_memory_virtex2p_6_1_f9f47a6cb9d2aa15.v single_port_block_memory_virtex2p_6_1_f9f47a6cb9d2aa15.vhd single_port_block_memory_virtex2p_6_1_fc890bd72b8e4bff.edn single_port_block_memory_virtex2p_6_1_fc890bd72b8e4bff.mif single_port_block_memory_virtex2p_6_1_fc890bd72b8e4bff.v single_port_block_memory_virtex2p_6_1_fc890bd72b8e4bff.vhd nonleaf_results.vhd synopsis
opened file i_128w_2k_10_r310iadc.vhd
copied adder_subtracter_virtex2p_7_0_9301e8703140ec16.vhd
copied adder_subtracter_virtex2p_7_0_c5dcd9e7347382cf.vhd
copied binary_counter_virtex2p_7_0_0260fba4aec82188.vhd
copied binary_counter_virtex2p_7_0_045f95c1d8e99a77.vhd
copied binary_counter_virtex2p_7_0_1fa1686255cc3bb6.vhd
copied binary_counter_virtex2p_7_0_2b3d5de203345a84.vhd
copied binary_counter_virtex2p_7_0_2ccd4f2322b1fa6a.vhd
copied binary_counter_virtex2p_7_0_2d20805488fc03df.vhd
copied binary_counter_virtex2p_7_0_3241d5218ebd61cd.vhd
copied binary_counter_virtex2p_7_0_341763362dbc45a2.vhd
copied binary_counter_virtex2p_7_0_391d8b1c1f812d67.vhd
copied binary_counter_virtex2p_7_0_52d6d6d99674748f.vhd
copied binary_counter_virtex2p_7_0_5a07f4bba2e9cb5e.vhd
copied binary_counter_virtex2p_7_0_658945f0a80d459a.vhd
copied binary_counter_virtex2p_7_0_715f1205a46a625c.vhd
copied binary_counter_virtex2p_7_0_7211a68acc7f4ff7.vhd
copied binary_counter_virtex2p_7_0_78a3dd824f4df0df.vhd
copied binary_counter_virtex2p_7_0_7a138cef7a7cb135.vhd
copied binary_counter_virtex2p_7_0_7c2d447100ca50c7.vhd
copied binary_counter_virtex2p_7_0_7cce54a04f39ecd8.vhd
copied binary_counter_virtex2p_7_0_804522374d9edc41.vhd
copied binary_counter_virtex2p_7_0_805fe5e395e47402.vhd
copied binary_counter_virtex2p_7_0_880f7c3a3529b3b1.vhd
copied binary_counter_virtex2p_7_0_8b4ef4e135e1e3f1.vhd
copied binary_counter_virtex2p_7_0_9539f41705559a71.vhd
copied binary_counter_virtex2p_7_0_9673efc18b69cc19.vhd
copied binary_counter_virtex2p_7_0_a071675f8d8d72bb.vhd
copied binary_counter_virtex2p_7_0_b8a3efcc9651e5d3.vhd
copied binary_counter_virtex2p_7_0_b8a5551b3c16b99b.vhd
copied binary_counter_virtex2p_7_0_d0a204b7c881b521.vhd
copied binary_counter_virtex2p_7_0_d7f3c31b59e52df2.vhd
copied binary_counter_virtex2p_7_0_d8ae89720b5de7f6.vhd
copied binary_counter_virtex2p_7_0_da21d47bce83ad78.vhd
copied binary_counter_virtex2p_7_0_dd549111ea74373d.vhd
copied binary_counter_virtex2p_7_0_e80093aea990e7ea.vhd
copied binary_counter_virtex2p_7_0_f458cc5f96972819.vhd
copied binary_counter_virtex2p_7_0_fdd1a28438047006.vhd
copied distributed_memory_virtex2p_7_1_17126bf86411dabf.vhd
copied distributed_memory_virtex2p_7_1_24095e62b7dd5149.vhd
copied distributed_memory_virtex2p_7_1_47fa87c2abb2be3c.vhd
copied distributed_memory_virtex2p_7_1_4be7d839ed9b4fda.vhd
copied distributed_memory_virtex2p_7_1_ff1763ab93720ffc.vhd
copied dual_port_block_memory_virtex2p_6_1_645b5e379b337a9f.vhd
copied multiplier_virtex2p_10_1_26e459ad9aa810bd.vhd
copied multiplier_virtex2p_10_1_3ccc2842ec4e2cc9.vhd
copied multiplier_virtex2p_10_1_423ddb9f1e4b69b4.vhd
copied multiplier_virtex2p_10_1_9f8f470cd40e41c7.vhd
copied single_port_block_memory_virtex2p_6_1_05a95f2267c44dc1.vhd
copied single_port_block_memory_virtex2p_6_1_189ab7d9865256c9.vhd
copied single_port_block_memory_virtex2p_6_1_23fb8628204eb2c1.vhd
copied single_port_block_memory_virtex2p_6_1_287130c77eef8a13.vhd
copied single_port_block_memory_virtex2p_6_1_38d4305037783d2c.vhd
copied single_port_block_memory_virtex2p_6_1_3f3ce445ea788123.vhd
copied single_port_block_memory_virtex2p_6_1_42a5b8ca1bc39b96.vhd
copied single_port_block_memory_virtex2p_6_1_578f4a8fb59b1f38.vhd
copied single_port_block_memory_virtex2p_6_1_5d43f95b93fd9344.vhd
copied single_port_block_memory_virtex2p_6_1_6394d46b7454c18a.vhd
copied single_port_block_memory_virtex2p_6_1_64284d314c575990.vhd
copied single_port_block_memory_virtex2p_6_1_7068db77349ce284.vhd
copied single_port_block_memory_virtex2p_6_1_76f23c1003bb9b77.vhd
copied single_port_block_memory_virtex2p_6_1_7c11f4ba4337f78b.vhd
copied single_port_block_memory_virtex2p_6_1_7e236f8fce9276a5.vhd
copied single_port_block_memory_virtex2p_6_1_7ea60367d40e0967.vhd
copied single_port_block_memory_virtex2p_6_1_7ff232eaea8dc2aa.vhd
copied single_port_block_memory_virtex2p_6_1_8d0734a7cdba160c.vhd
copied single_port_block_memory_virtex2p_6_1_8f872a02ff02aadb.vhd
copied single_port_block_memory_virtex2p_6_1_9cf8efebee3199f6.vhd
copied single_port_block_memory_virtex2p_6_1_a0f8113050ab47e7.vhd
copied single_port_block_memory_virtex2p_6_1_a255629948a6346d.vhd
copied single_port_block_memory_virtex2p_6_1_b70993b7b8d8be43.vhd
copied single_port_block_memory_virtex2p_6_1_baae78c6cf62a88f.vhd
copied single_port_block_memory_virtex2p_6_1_c4da1499b2390313.vhd
copied single_port_block_memory_virtex2p_6_1_d13072650a2ab55b.vhd
copied single_port_block_memory_virtex2p_6_1_d8668151357aa642.vhd
copied single_port_block_memory_virtex2p_6_1_e603086fb92aeb5e.vhd
copied single_port_block_memory_virtex2p_6_1_ee12ce34adfa5ec2.vhd
copied single_port_block_memory_virtex2p_6_1_f239e1ef1af0e201.vhd
copied single_port_block_memory_virtex2p_6_1_f9f47a6cb9d2aa15.vhd
copied single_port_block_memory_virtex2p_6_1_fc890bd72b8e4bff.vhd
copied perl_results.vhd
copied nonleaf_results.vhd
