--------------------------------- Version Log ----------------------------------
Version                                 Path
System Generator 10.1.3.1386            C:/Xilinx/10.1/DSP_Tools/common/bin/../../sysgen
AccelDSP 10.1.3.1386                    C:/Xilinx/10.1/DSP_Tools/AccelDSP
Matlab 7.5.0.342 (R2007b)               C:/Program Files/MATLAB/R2007b
ISE 10.1.03i                            C:/Xilinx/10.1/ISE
--------------------------------------------------------------------------------
Summary of Errors:
Error 0001: Undriven input port
     Block: 'tb_adc_5g/adc/conv/Concat'
Error 0002: Undriven input port
     Block: 'tb_adc_5g/adc/conv/Reinterpret'
--------------------------------------------------------------------------------

Error 0001:

Reported by:
  'tb_adc_5g/adc/conv/Concat'

Details:
The input ports on this block must be driven by other Xilinx blocks
--------------------------------------------------------------------------------

Error 0002:

Reported by:
  'tb_adc_5g/adc/conv/Reinterpret'

Details:
The input ports on this block must be driven by other Xilinx blocks
--------------------------------------------------------------------------------
